info: May-05-2022 16:01:45: server is run on PORT 4000
info: May-05-2022 16:01:50: server is run on PORT 4000
info: May-05-2022 20:13:20: server is run on PORT 4000
info: May-05-2022 20:15:20: server is run on PORT 4000
info: May-05-2022 20:15:22: server is run on PORT 4000
info: May-05-2022 20:15:37: server is run on PORT 4000
info: May-05-2022 20:15:59: server is run on PORT 4000
info: May-05-2022 20:16:07: server is run on PORT 4000
info: May-05-2022 20:16:44: server is run on PORT 4000
info: May-05-2022 20:17:35: server is run on PORT 4000
info: May-05-2022 20:17:37: server is run on PORT 4000
info: May-05-2022 20:18:08: server is run on PORT 4000
info: May-05-2022 20:18:10: server is run on PORT 4000
info: May-05-2022 20:18:27: server is run on PORT 4000
info: May-05-2022 20:18:34: server is run on PORT 4000
info: May-05-2022 20:18:42: server is run on PORT 4000
info: May-05-2022 20:18:54: server is run on PORT 4000
info: May-05-2022 20:20:18: server is run on PORT 4000
info: May-05-2022 20:24:52: server is run on PORT 4000
info: May-05-2022 20:25:55: server is run on PORT 4000
info: May-05-2022 20:26:27: server is run on PORT 4000
info: May-05-2022 20:28:17: server is run on PORT 4000
info: May-05-2022 20:28:31: server is run on PORT 4000
info: May-05-2022 20:29:31: server is run on PORT 4000
info: May-05-2022 21:34:13: server is run on PORT 4000
info: May-06-2022 00:28:01: server is run on PORT 4000
info: May-06-2022 00:28:34: server is run on PORT 4000
info: May-06-2022 00:28:57: server is run on PORT 4000
info: May-06-2022 00:29:07: server is run on PORT 4000
info: May-06-2022 00:29:11: server is run on PORT 4000
info: May-06-2022 00:29:16: Blocked by flood
info: May-06-2022 00:30:20: server is run on PORT 4000
info: May-06-2022 00:46:42: server is run on PORT 4000
info: May-06-2022 00:47:23: server is run on PORT 4000
info: May-06-2022 00:47:54: server is run on PORT 4000
info: May-06-2022 00:47:57: server is run on PORT 4000
info: May-06-2022 00:48:00: server is run on PORT 4000
info: May-06-2022 00:48:03: server is run on PORT 4000
info: May-06-2022 00:48:06: Blocked by flood
info: May-06-2022 00:48:36: server is run on PORT 4000
info: May-06-2022 00:48:38: server is run on PORT 4000
info: May-06-2022 00:48:41: Blocked by flood
info: May-06-2022 00:48:51: server is run on PORT 4000
info: May-06-2022 00:48:54: server is run on PORT 4000
info: May-06-2022 00:48:58: server is run on PORT 4000
info: May-06-2022 00:48:59: server is run on PORT 4000
info: May-06-2022 01:00:23: Blocked by flood
info: May-06-2022 01:00:31: Blocked by flood
info: May-06-2022 01:00:52: Blocked by flood
info: May-06-2022 01:00:58: Blocked by flood
info: May-06-2022 01:01:18: Blocked by flood
info: May-06-2022 01:01:21: Blocked by flood
info: May-06-2022 01:02:45: server is run on PORT 4000
info: May-06-2022 01:02:50: Blocked by flood
info: May-06-2022 01:03:01: Blocked by flood
info: May-06-2022 01:03:53: Blocked by flood
info: May-06-2022 01:04:14: Blocked by flood
info: May-06-2022 01:04:19: Blocked by flood
info: May-06-2022 01:04:25: server is run on PORT 4000
info: May-06-2022 01:04:31: Blocked by flood
info: May-06-2022 01:05:34: server is run on PORT 4000
info: May-06-2022 01:05:45: Blocked by flood
info: May-06-2022 01:06:03: server is run on PORT 4000
info: May-06-2022 01:06:26: Blocked by flood
info: May-06-2022 01:07:30: Blocked by flood
info: May-06-2022 01:08:01: Blocked by flood
info: May-06-2022 01:09:42: Blocked by flood
info: May-06-2022 01:10:25: server is run on PORT 4000
info: May-06-2022 01:10:40: server is run on PORT 4000
info: May-06-2022 01:10:41: server is run on PORT 4000
info: May-06-2022 01:10:43: server is run on PORT 4000
info: May-06-2022 01:10:50: server is run on PORT 4000
info: May-06-2022 01:11:03: server is run on PORT 4000
info: May-06-2022 01:11:08: Blocked by flood
info: May-06-2022 01:12:49: Blocked by flood
info: May-06-2022 01:18:06: [object Object]
info: May-06-2022 01:32:33: server is run on PORT 4000
info: May-06-2022 02:06:42: CEP não definido
info: May-06-2022 02:31:51: server is run on PORT 4000
info: May-06-2022 02:31:54: CEP informado é inválido
info: May-06-2022 02:32:00: [object Object]
info: May-06-2022 02:35:16: CEP informado é inválido
info: May-06-2022 02:36:13: server is run on PORT 4000
info: May-06-2022 02:36:32: server is run on PORT 4000
info: May-06-2022 02:36:43: CEP informado é inválido
info: May-06-2022 02:38:29: CEP informado é inválido
info: May-06-2022 02:38:41: CEP informado é inválido
info: May-06-2022 02:40:11: CEP informado é inválido
info: May-06-2022 02:40:16: CEP informado é inválido
info: May-06-2022 15:17:52: server is run on PORT 4000
info: May-06-2022 15:18:00: [object Object]
info: May-06-2022 15:30:35: server is run on PORT 4000
info: May-06-2022 15:31:05: [object Object]
info: May-06-2022 15:59:30: server is run on PORT 4000
